e:\360极速浏览器下载\live.2017.07.18\live555\livemedia\debug\livemedia.pdb
e:\360极速浏览器下载\live.2017.07.18\live555\livemedia\debug\livemedia.idb
e:\360极速浏览器下载\live.2017.07.18\live555\livemedia\debug\simplertpsink.obj
e:\360极速浏览器下载\live.2017.07.18\live555\livemedia\debug\simplertpsource.obj
e:\360极速浏览器下载\live.2017.07.18\live555\livemedia\debug\sipclient.obj
e:\360极速浏览器下载\live.2017.07.18\live555\livemedia\debug\streamparser.obj
e:\360极速浏览器下载\live.2017.07.18\live555\livemedia\debug\streamreplicator.obj
e:\360极速浏览器下载\live.2017.07.18\live555\livemedia\debug\t140textrtpsink.obj
e:\360极速浏览器下载\live.2017.07.18\live555\livemedia\debug\tcpstreamsink.obj
e:\360极速浏览器下载\live.2017.07.18\live555\livemedia\debug\textrtpsink.obj
e:\360极速浏览器下载\live.2017.07.18\live555\livemedia\debug\theoravideortpsink.obj
e:\360极速浏览器下载\live.2017.07.18\live555\livemedia\debug\theoravideortpsource.obj
e:\360极速浏览器下载\live.2017.07.18\live555\livemedia\debug\ulawaudiofilter.obj
e:\360极速浏览器下载\live.2017.07.18\live555\livemedia\debug\videortpsink.obj
e:\360极速浏览器下载\live.2017.07.18\live555\livemedia\debug\vorbisaudiortpsink.obj
e:\360极速浏览器下载\live.2017.07.18\live555\livemedia\debug\vorbisaudiortpsource.obj
e:\360极速浏览器下载\live.2017.07.18\live555\livemedia\debug\vp8videortpsink.obj
e:\360极速浏览器下载\live.2017.07.18\live555\livemedia\debug\vp8videortpsource.obj
e:\360极速浏览器下载\live.2017.07.18\live555\livemedia\debug\vp9videortpsink.obj
e:\360极速浏览器下载\live.2017.07.18\live555\livemedia\debug\vp9videortpsource.obj
e:\360极速浏览器下载\live.2017.07.18\live555\livemedia\debug\wavaudiofileservermediasubsession.obj
e:\360极速浏览器下载\live.2017.07.18\live555\livemedia\debug\wavaudiofilesource.obj
e:\360极速浏览器下载\live.2017.07.18\live555\livemedia\debug\oggfilesink.obj
e:\360极速浏览器下载\live.2017.07.18\live555\livemedia\debug\ondemandservermediasubsession.obj
e:\360极速浏览器下载\live.2017.07.18\live555\livemedia\debug\ourmd5.obj
e:\360极速浏览器下载\live.2017.07.18\live555\livemedia\debug\outputfile.obj
e:\360极速浏览器下载\live.2017.07.18\live555\livemedia\debug\passiveservermediasubsession.obj
e:\360极速浏览器下载\live.2017.07.18\live555\livemedia\debug\proxyservermediasession.obj
e:\360极速浏览器下载\live.2017.07.18\live555\livemedia\debug\qcelpaudiortpsource.obj
e:\360极速浏览器下载\live.2017.07.18\live555\livemedia\debug\quicktimefilesink.obj
e:\360极速浏览器下载\live.2017.07.18\live555\livemedia\debug\quicktimegenericrtpsource.obj
e:\360极速浏览器下载\live.2017.07.18\live555\livemedia\debug\rtcp.obj
e:\360极速浏览器下载\live.2017.07.18\live555\livemedia\debug\rtpinterface.obj
e:\360极速浏览器下载\live.2017.07.18\live555\livemedia\debug\rtpsink.obj
e:\360极速浏览器下载\live.2017.07.18\live555\livemedia\debug\rtpsource.obj
e:\360极速浏览器下载\live.2017.07.18\live555\livemedia\debug\rtspclient.obj
e:\360极速浏览器下载\live.2017.07.18\live555\livemedia\debug\rtspcommon.obj
e:\360极速浏览器下载\live.2017.07.18\live555\livemedia\debug\rtspregistersender.obj
e:\360极速浏览器下载\live.2017.07.18\live555\livemedia\debug\rtspserver.obj
e:\360极速浏览器下载\live.2017.07.18\live555\livemedia\debug\rtspserverregister.obj
e:\360极速浏览器下载\live.2017.07.18\live555\livemedia\debug\rtspserversupportinghttpstreaming.obj
e:\360极速浏览器下载\live.2017.07.18\live555\livemedia\debug\servermediasession.obj
e:\360极速浏览器下载\live.2017.07.18\live555\livemedia\debug\mpeg2transportstreamtrickmodefilter.obj
e:\360极速浏览器下载\live.2017.07.18\live555\livemedia\debug\mpeg2transportudpservermediasubsession.obj
e:\360极速浏览器下载\live.2017.07.18\live555\livemedia\debug\mpeg4esvideortpsink.obj
e:\360极速浏览器下载\live.2017.07.18\live555\livemedia\debug\mpeg4esvideortpsource.obj
e:\360极速浏览器下载\live.2017.07.18\live555\livemedia\debug\mpeg4genericrtpsink.obj
e:\360极速浏览器下载\live.2017.07.18\live555\livemedia\debug\mpeg4genericrtpsource.obj
e:\360极速浏览器下载\live.2017.07.18\live555\livemedia\debug\mpeg4latmaudiortpsink.obj
e:\360极速浏览器下载\live.2017.07.18\live555\livemedia\debug\mpeg4latmaudiortpsource.obj
e:\360极速浏览器下载\live.2017.07.18\live555\livemedia\debug\mpeg4videofileservermediasubsession.obj
e:\360极速浏览器下载\live.2017.07.18\live555\livemedia\debug\mpeg4videostreamdiscreteframer.obj
e:\360极速浏览器下载\live.2017.07.18\live555\livemedia\debug\mpeg4videostreamframer.obj
e:\360极速浏览器下载\live.2017.07.18\live555\livemedia\debug\mpegvideostreamframer.obj
e:\360极速浏览器下载\live.2017.07.18\live555\livemedia\debug\mpegvideostreamparser.obj
e:\360极速浏览器下载\live.2017.07.18\live555\livemedia\debug\multiframedrtpsink.obj
e:\360极速浏览器下载\live.2017.07.18\live555\livemedia\debug\multiframedrtpsource.obj
e:\360极速浏览器下载\live.2017.07.18\live555\livemedia\debug\oggdemuxedtrack.obj
e:\360极速浏览器下载\live.2017.07.18\live555\livemedia\debug\oggfile.obj
e:\360极速浏览器下载\live.2017.07.18\live555\livemedia\debug\oggfileparser.obj
e:\360极速浏览器下载\live.2017.07.18\live555\livemedia\debug\oggfileserverdemux.obj
e:\360极速浏览器下载\live.2017.07.18\live555\livemedia\debug\oggfileservermediasubsession.obj
e:\360极速浏览器下载\live.2017.07.18\live555\livemedia\debug\mpeg1or2audiortpsink.obj
e:\360极速浏览器下载\live.2017.07.18\live555\livemedia\debug\mpeg1or2audiortpsource.obj
e:\360极速浏览器下载\live.2017.07.18\live555\livemedia\debug\mpeg1or2audiostreamframer.obj
e:\360极速浏览器下载\live.2017.07.18\live555\livemedia\debug\mpeg1or2demux.obj
e:\360极速浏览器下载\live.2017.07.18\live555\livemedia\debug\mpeg1or2demuxedelementarystream.obj
e:\360极速浏览器下载\live.2017.07.18\live555\livemedia\debug\mpeg1or2demuxedservermediasubsession.obj
e:\360极速浏览器下载\live.2017.07.18\live555\livemedia\debug\mpeg1or2fileserverdemux.obj
e:\360极速浏览器下载\live.2017.07.18\live555\livemedia\debug\mpeg1or2videofileservermediasubsession.obj
e:\360极速浏览器下载\live.2017.07.18\live555\livemedia\debug\mpeg1or2videortpsink.obj
e:\360极速浏览器下载\live.2017.07.18\live555\livemedia\debug\mpeg1or2videortpsource.obj
e:\360极速浏览器下载\live.2017.07.18\live555\livemedia\debug\mpeg1or2videostreamdiscreteframer.obj
e:\360极速浏览器下载\live.2017.07.18\live555\livemedia\debug\mpeg1or2videostreamframer.obj
e:\360极速浏览器下载\live.2017.07.18\live555\livemedia\debug\mpeg2indexfromtransportstream.obj
e:\360极速浏览器下载\live.2017.07.18\live555\livemedia\debug\mpeg2transportfileservermediasubsession.obj
e:\360极速浏览器下载\live.2017.07.18\live555\livemedia\debug\mpeg2transportstreamaccumulator.obj
e:\360极速浏览器下载\live.2017.07.18\live555\livemedia\debug\mpeg2transportstreamframer.obj
e:\360极速浏览器下载\live.2017.07.18\live555\livemedia\debug\mpeg2transportstreamfromessource.obj
e:\360极速浏览器下载\live.2017.07.18\live555\livemedia\debug\mpeg2transportstreamfrompessource.obj
e:\360极速浏览器下载\live.2017.07.18\live555\livemedia\debug\mpeg2transportstreamindexfile.obj
e:\360极速浏览器下载\live.2017.07.18\live555\livemedia\debug\mpeg2transportstreammultiplexor.obj
e:\360极速浏览器下载\live.2017.07.18\live555\livemedia\debug\matroskafileserverdemux.obj
e:\360极速浏览器下载\live.2017.07.18\live555\livemedia\debug\matroskafileservermediasubsession.obj
e:\360极速浏览器下载\live.2017.07.18\live555\livemedia\debug\media.obj
e:\360极速浏览器下载\live.2017.07.18\live555\livemedia\debug\mediasession.obj
e:\360极速浏览器下载\live.2017.07.18\live555\livemedia\debug\mediasink.obj
e:\360极速浏览器下载\live.2017.07.18\live555\livemedia\debug\mediasource.obj
e:\360极速浏览器下载\live.2017.07.18\live555\livemedia\debug\mp3adu.obj
e:\360极速浏览器下载\live.2017.07.18\live555\livemedia\debug\mp3adudescriptor.obj
e:\360极速浏览器下载\live.2017.07.18\live555\livemedia\debug\mp3aduinterleaving.obj
e:\360极速浏览器下载\live.2017.07.18\live555\livemedia\debug\mp3adurtpsink.obj
e:\360极速浏览器下载\live.2017.07.18\live555\livemedia\debug\mp3adurtpsource.obj
e:\360极速浏览器下载\live.2017.07.18\live555\livemedia\debug\mp3adutranscoder.obj
e:\360极速浏览器下载\live.2017.07.18\live555\livemedia\debug\mp3audiofileservermediasubsession.obj
e:\360极速浏览器下载\live.2017.07.18\live555\livemedia\debug\mp3audiomatroskafileservermediasubsession.obj
e:\360极速浏览器下载\live.2017.07.18\live555\livemedia\debug\mp3filesource.obj
e:\360极速浏览器下载\live.2017.07.18\live555\livemedia\debug\mp3internals.obj
e:\360极速浏览器下载\live.2017.07.18\live555\livemedia\debug\mp3internalshuffman.obj
e:\360极速浏览器下载\live.2017.07.18\live555\livemedia\debug\mp3internalshuffmantable.obj
e:\360极速浏览器下载\live.2017.07.18\live555\livemedia\debug\mp3streamstate.obj
e:\360极速浏览器下载\live.2017.07.18\live555\livemedia\debug\mp3transcoder.obj
e:\360极速浏览器下载\live.2017.07.18\live555\livemedia\debug\h264videofileservermediasubsession.obj
e:\360极速浏览器下载\live.2017.07.18\live555\livemedia\debug\h264videofilesink.obj
e:\360极速浏览器下载\live.2017.07.18\live555\livemedia\debug\h264videortpsink.obj
e:\360极速浏览器下载\live.2017.07.18\live555\livemedia\debug\h264videortpsource.obj
e:\360极速浏览器下载\live.2017.07.18\live555\livemedia\debug\h264videostreamdiscreteframer.obj
e:\360极速浏览器下载\live.2017.07.18\live555\livemedia\debug\h264videostreamframer.obj
e:\360极速浏览器下载\live.2017.07.18\live555\livemedia\debug\h265videofileservermediasubsession.obj
e:\360极速浏览器下载\live.2017.07.18\live555\livemedia\debug\h265videofilesink.obj
e:\360极速浏览器下载\live.2017.07.18\live555\livemedia\debug\h265videortpsink.obj
e:\360极速浏览器下载\live.2017.07.18\live555\livemedia\debug\h265videortpsource.obj
e:\360极速浏览器下载\live.2017.07.18\live555\livemedia\debug\h265videostreamdiscreteframer.obj
e:\360极速浏览器下载\live.2017.07.18\live555\livemedia\debug\h265videostreamframer.obj
e:\360极速浏览器下载\live.2017.07.18\live555\livemedia\debug\inputfile.obj
e:\360极速浏览器下载\live.2017.07.18\live555\livemedia\debug\jpegvideortpsink.obj
e:\360极速浏览器下载\live.2017.07.18\live555\livemedia\debug\jpegvideortpsource.obj
e:\360极速浏览器下载\live.2017.07.18\live555\livemedia\debug\jpegvideosource.obj
e:\360极速浏览器下载\live.2017.07.18\live555\livemedia\debug\locale.obj
e:\360极速浏览器下载\live.2017.07.18\live555\livemedia\debug\matroskademuxedtrack.obj
e:\360极速浏览器下载\live.2017.07.18\live555\livemedia\debug\matroskafile.obj
e:\360极速浏览器下载\live.2017.07.18\live555\livemedia\debug\matroskafileparser.obj
e:\360极速浏览器下载\live.2017.07.18\live555\livemedia\debug\dvvideortpsource.obj
e:\360极速浏览器下载\live.2017.07.18\live555\livemedia\debug\dvvideostreamframer.obj
e:\360极速浏览器下载\live.2017.07.18\live555\livemedia\debug\ebmlnumber.obj
e:\360极速浏览器下载\live.2017.07.18\live555\livemedia\debug\fileservermediasubsession.obj
e:\360极速浏览器下载\live.2017.07.18\live555\livemedia\debug\filesink.obj
e:\360极速浏览器下载\live.2017.07.18\live555\livemedia\debug\framedfilesource.obj
e:\360极速浏览器下载\live.2017.07.18\live555\livemedia\debug\framedfilter.obj
e:\360极速浏览器下载\live.2017.07.18\live555\livemedia\debug\framedsource.obj
e:\360极速浏览器下载\live.2017.07.18\live555\livemedia\debug\genericmediaserver.obj
e:\360极速浏览器下载\live.2017.07.18\live555\livemedia\debug\gsmaudiortpsink.obj
e:\360极速浏览器下载\live.2017.07.18\live555\livemedia\debug\h261videortpsource.obj
e:\360极速浏览器下载\live.2017.07.18\live555\livemedia\debug\h263plusvideofileservermediasubsession.obj
e:\360极速浏览器下载\live.2017.07.18\live555\livemedia\debug\h263plusvideortpsink.obj
e:\360极速浏览器下载\live.2017.07.18\live555\livemedia\debug\h263plusvideortpsource.obj
e:\360极速浏览器下载\live.2017.07.18\live555\livemedia\debug\h263plusvideostreamframer.obj
e:\360极速浏览器下载\live.2017.07.18\live555\livemedia\debug\h263plusvideostreamparser.obj
e:\360极速浏览器下载\live.2017.07.18\live555\livemedia\debug\h264or5videofilesink.obj
e:\360极速浏览器下载\live.2017.07.18\live555\livemedia\debug\h264or5videortpsink.obj
e:\360极速浏览器下载\live.2017.07.18\live555\livemedia\debug\h264or5videostreamdiscreteframer.obj
e:\360极速浏览器下载\live.2017.07.18\live555\livemedia\debug\h264or5videostreamframer.obj
e:\360极速浏览器下载\live.2017.07.18\live555\livemedia\debug\amraudiofileservermediasubsession.obj
e:\360极速浏览器下载\live.2017.07.18\live555\livemedia\debug\amraudiofilesink.obj
e:\360极速浏览器下载\live.2017.07.18\live555\livemedia\debug\amraudiofilesource.obj
e:\360极速浏览器下载\live.2017.07.18\live555\livemedia\debug\amraudiortpsink.obj
e:\360极速浏览器下载\live.2017.07.18\live555\livemedia\debug\amraudiortpsource.obj
e:\360极速浏览器下载\live.2017.07.18\live555\livemedia\debug\amraudiosource.obj
e:\360极速浏览器下载\live.2017.07.18\live555\livemedia\debug\audioinputdevice.obj
e:\360极速浏览器下载\live.2017.07.18\live555\livemedia\debug\audiortpsink.obj
e:\360极速浏览器下载\live.2017.07.18\live555\livemedia\debug\avifilesink.obj
e:\360极速浏览器下载\live.2017.07.18\live555\livemedia\debug\base64.obj
e:\360极速浏览器下载\live.2017.07.18\live555\livemedia\debug\basicudpsink.obj
e:\360极速浏览器下载\live.2017.07.18\live555\livemedia\debug\basicudpsource.obj
e:\360极速浏览器下载\live.2017.07.18\live555\livemedia\debug\bitvector.obj
e:\360极速浏览器下载\live.2017.07.18\live555\livemedia\debug\bytestreamfilesource.obj
e:\360极速浏览器下载\live.2017.07.18\live555\livemedia\debug\bytestreammemorybuffersource.obj
e:\360极速浏览器下载\live.2017.07.18\live555\livemedia\debug\bytestreammultifilesource.obj
e:\360极速浏览器下载\live.2017.07.18\live555\livemedia\debug\devicesource.obj
e:\360极速浏览器下载\live.2017.07.18\live555\livemedia\debug\digestauthentication.obj
e:\360极速浏览器下载\live.2017.07.18\live555\livemedia\debug\dvvideofileservermediasubsession.obj
e:\360极速浏览器下载\live.2017.07.18\live555\livemedia\debug\dvvideortpsink.obj
e:\360极速浏览器下载\live.2017.07.18\live555\livemedia\debug\ac3audiofileservermediasubsession.obj
e:\360极速浏览器下载\live.2017.07.18\live555\livemedia\debug\ac3audiortpsink.obj
e:\360极速浏览器下载\live.2017.07.18\live555\livemedia\debug\ac3audiortpsource.obj
e:\360极速浏览器下载\live.2017.07.18\live555\livemedia\debug\ac3audiostreamframer.obj
e:\360极速浏览器下载\live.2017.07.18\live555\livemedia\debug\adtsaudiofileservermediasubsession.obj
e:\360极速浏览器下载\live.2017.07.18\live555\livemedia\debug\adtsaudiofilesource.obj
e:\360极速浏览器下载\live.2017.07.18\live555\livemedia\debug\rtcp_from_spec.obj
e:\360极速浏览器下载\live.2017.07.18\live555\debug\livemedia.lib
e:\360极速浏览器下载\live.2017.07.18\live555\debug\livemedia.pdb
e:\360极速浏览器下载\live.2017.07.18\live555\livemedia\debug\livemedia.tlog\cl.command.1.tlog
e:\360极速浏览器下载\live.2017.07.18\live555\livemedia\debug\livemedia.tlog\cl.read.1.tlog
e:\360极速浏览器下载\live.2017.07.18\live555\livemedia\debug\livemedia.tlog\cl.write.1.tlog
e:\360极速浏览器下载\live.2017.07.18\live555\livemedia\debug\livemedia.tlog\lib-link.read.1.tlog
e:\360极速浏览器下载\live.2017.07.18\live555\livemedia\debug\livemedia.tlog\lib-link.write.1.tlog
e:\360极速浏览器下载\live.2017.07.18\live555\livemedia\debug\livemedia.tlog\lib.command.1.tlog
